<?xml version="1.0" encoding="UTF-8"?>
<!-- Generated by org.testng.reporters.JUnitXMLReporter -->
<testsuite ignored="0" hostname="QB-KRT-10370" failures="1" tests="2" name="Surefire test" time="4.159" errors="0" timestamp="2022-04-06T19:51:36 IST">
  <testcase classname="io.cucumber.testng.AbstractTestNGCucumberTests" name="runScenario" time="3.354"/>
  <testcase classname="io.cucumber.testng.AbstractTestNGCucumberTests" name="runScenario" time="3.479">
    <failure type="java.lang.AssertionError" message="expected [Log out] but found [LOG OUT]">
      <![CDATA[java.lang.AssertionError: expected [Log out] but found [LOG OUT]
at com.stepDef.LoginPageSteps.userShouldBeAbleToLoginSuccessfully(LoginPageSteps.java:31)
at ✽.user should be able to login successfully(file:///home/qbuser/Kadavil/IdeaWorkSpace/Selenium4CucumberHybridFramework/Features/Login.feature:11)
... Removed 6 stack frames]]>
    </failure>
  </testcase> <!-- runScenario -->
</testsuite> <!-- Surefire test -->
