-------------------------------------------------------------------------------
Test set: TestSuite
-------------------------------------------------------------------------------
Tests run: 2, Failures: 1, Errors: 0, Skipped: 0, Time elapsed: 4.414 s <<< FAILURE! - in TestSuite
com.runners.TestRunner.runScenario["login with valid user", "Optional[Login]"](2)  Time elapsed: 3.481 s  <<< FAILURE!
java.lang.AssertionError: expected [Log out] but found [LOG OUT]

