<?xml version="1.0" encoding="UTF-8"?>
<testng-results ignored="0" total="1" passed="0" failed="1" skipped="0">
  <reporter-output>
  </reporter-output>
  <suite started-at="2022-04-04T19:27:14 IST" name="Default suite" finished-at="2022-04-04T19:28:09 IST" duration-ms="55139">
    <groups>
      <group name="cucumber">
        <method signature="AbstractTestNGCucumberTests.runScenario(io.cucumber.testng.PickleWrapper,io.cucumber.testng.FeatureWrapper)[pri:0, instance:com.runners.TestRunner@3bb9a3ff]" name="runScenario" class="io.cucumber.testng.AbstractTestNGCucumberTests"/>
      </group> <!-- cucumber -->
    </groups>
    <test started-at="2022-04-04T19:27:14 IST" name="Default test" finished-at="2022-04-04T19:28:09 IST" duration-ms="55139">
      <class name="com.runners.TestRunner">
        <test-method is-config="true" signature="setUpClass(org.testng.ITestContext)[pri:0, instance:com.runners.TestRunner@3bb9a3ff]" started-at="2022-04-04T19:27:14 IST" name="setUpClass" finished-at="2022-04-04T19:27:14 IST" duration-ms="203" status="PASS">
          <params>
            <param index="0">
              <value>
                <![CDATA[org.testng.TestRunner@46cf05f7]]>
              </value>
            </param>
          </params>
          <reporter-output>
          </reporter-output>
        </test-method> <!-- setUpClass -->
        <test-method is-config="true" signature="beforeClass()[pri:0, instance:com.runners.TestRunner@3bb9a3ff]" started-at="2022-04-04T19:27:14 IST" name="beforeClass" finished-at="2022-04-04T19:27:14 IST" duration-ms="195" status="PASS">
          <reporter-output>
          </reporter-output>
        </test-method> <!-- beforeClass -->
        <test-method signature="runScenario(io.cucumber.testng.PickleWrapper,io.cucumber.testng.FeatureWrapper)[pri:0, instance:com.runners.TestRunner@3bb9a3ff]" started-at="2022-04-04T19:27:14 IST" name="runScenario" description="Runs Cucumber Scenarios" data-provider="scenarios" finished-at="2022-04-04T19:28:09 IST" duration-ms="54419" status="FAIL">
          <params>
            <param index="0">
              <value>
                <![CDATA["Credit card payment with one item"]]>
              </value>
            </param>
            <param index="1">
              <value>
                <![CDATA["Optional[Credit card payment]"]]>
              </value>
            </param>
          </params>
          <exception class="org.openqa.selenium.ElementNotInteractableException">
            <message>
              <![CDATA[element not interactable
  (Session info: chrome=99.0.4844.51)
Build info: version: '4.1.1', revision: 'e8fcc2cecf'
System info: host: 'QB-KRT-10370', ip: '127.0.1.1', os.name: 'Linux', os.arch: 'amd64', os.version: '5.4.0-104-generic', java.version: '11.0.14'
Driver info: org.openqa.selenium.chrome.ChromeDriver
Command: [8e2e8e30b0bd07a8ed5be441023d4e2f, clickElement {id=910d94a9-a1b0-4894-a736-86e6af67fba8}]
Capabilities {acceptInsecureCerts: false, browserName: chrome, browserVersion: 99.0.4844.51, chrome: {chromedriverVersion: 99.0.4844.51 (d537ec02474b5..., userDataDir: /tmp/.com.google.Chrome.3mQJYQ}, goog:chromeOptions: {debuggerAddress: localhost:46037}, javascriptEnabled: true, networkConnectionEnabled: false, pageLoadStrategy: normal, platform: LINUX, platformName: LINUX, proxy: Proxy(), se:cdp: ws://localhost:46037/devtoo..., se:cdpVersion: 99.0.4844.51, setWindowRect: true, strictFileInteractability: false, timeouts: {implicit: 0, pageLoad: 300000, script: 30000}, unhandledPromptBehavior: dismiss and notify, webauthn:extension:credBlob: true, webauthn:extension:largeBlob: true, webauthn:virtualAuthenticators: true}
Element: [[ChromeDriver: chrome on LINUX (8e2e8e30b0bd07a8ed5be441023d4e2f)] -> xpath: //div[@id='payment-info-buttons-container']/button[@class='button-1 payment-info-next-step-button']]
Session ID: 8e2e8e30b0bd07a8ed5be441023d4e2f]]>
            </message>
            <full-stacktrace>
              <![CDATA[org.openqa.selenium.ElementNotInteractableException: element not interactable
  (Session info: chrome=99.0.4844.51)
Build info: version: '4.1.1', revision: 'e8fcc2cecf'
System info: host: 'QB-KRT-10370', ip: '127.0.1.1', os.name: 'Linux', os.arch: 'amd64', os.version: '5.4.0-104-generic', java.version: '11.0.14'
Driver info: org.openqa.selenium.chrome.ChromeDriver
Command: [8e2e8e30b0bd07a8ed5be441023d4e2f, clickElement {id=910d94a9-a1b0-4894-a736-86e6af67fba8}]
Capabilities {acceptInsecureCerts: false, browserName: chrome, browserVersion: 99.0.4844.51, chrome: {chromedriverVersion: 99.0.4844.51 (d537ec02474b5..., userDataDir: /tmp/.com.google.Chrome.3mQJYQ}, goog:chromeOptions: {debuggerAddress: localhost:46037}, javascriptEnabled: true, networkConnectionEnabled: false, pageLoadStrategy: normal, platform: LINUX, platformName: LINUX, proxy: Proxy(), se:cdp: ws://localhost:46037/devtoo..., se:cdpVersion: 99.0.4844.51, setWindowRect: true, strictFileInteractability: false, timeouts: {implicit: 0, pageLoad: 300000, script: 30000}, unhandledPromptBehavior: dismiss and notify, webauthn:extension:credBlob: true, webauthn:extension:largeBlob: true, webauthn:virtualAuthenticators: true}
Element: [[ChromeDriver: chrome on LINUX (8e2e8e30b0bd07a8ed5be441023d4e2f)] -> xpath: //div[@id='payment-info-buttons-container']/button[@class='button-1 payment-info-next-step-button']]
Session ID: 8e2e8e30b0bd07a8ed5be441023d4e2f
at java.base/jdk.internal.reflect.NativeConstructorAccessorImpl.newInstance0(Native Method)
at java.base/jdk.internal.reflect.NativeConstructorAccessorImpl.newInstance(NativeConstructorAccessorImpl.java:62)
at java.base/jdk.internal.reflect.DelegatingConstructorAccessorImpl.newInstance(DelegatingConstructorAccessorImpl.java:45)
at java.base/java.lang.reflect.Constructor.newInstance(Constructor.java:490)
at org.openqa.selenium.remote.codec.w3c.W3CHttpResponseCodec.createException(W3CHttpResponseCodec.java:200)
at org.openqa.selenium.remote.codec.w3c.W3CHttpResponseCodec.decode(W3CHttpResponseCodec.java:133)
at org.openqa.selenium.remote.codec.w3c.W3CHttpResponseCodec.decode(W3CHttpResponseCodec.java:53)
at org.openqa.selenium.remote.HttpCommandExecutor.execute(HttpCommandExecutor.java:184)
at org.openqa.selenium.remote.service.DriverCommandExecutor.invokeExecute(DriverCommandExecutor.java:167)
at org.openqa.selenium.remote.service.DriverCommandExecutor.execute(DriverCommandExecutor.java:142)
at org.openqa.selenium.remote.RemoteWebDriver.execute(RemoteWebDriver.java:543)
at org.openqa.selenium.remote.RemoteWebElement.execute(RemoteWebElement.java:251)
at org.openqa.selenium.remote.RemoteWebElement.click(RemoteWebElement.java:77)
at com.stepDef.PaymentMethodPageSteps.select_payment_method(PaymentMethodPageSteps.java:24)
at ✽.select payment method(file:///home/qbuser/Kadavil/EclipseWorkspace/Selenium4CucumberHybridFramework/Features/CreditCardPaymentFeature.feature:16)
]]>
            </full-stacktrace>
          </exception> <!-- org.openqa.selenium.ElementNotInteractableException -->
          <reporter-output>
          </reporter-output>
        </test-method> <!-- runScenario -->
        <test-method is-config="true" signature="afterClass()[pri:0, instance:com.runners.TestRunner@3bb9a3ff]" started-at="2022-04-04T19:28:09 IST" name="afterClass" finished-at="2022-04-04T19:28:09 IST" duration-ms="269" status="PASS">
          <reporter-output>
          </reporter-output>
        </test-method> <!-- afterClass -->
        <test-method is-config="true" signature="tearDownClass()[pri:0, instance:com.runners.TestRunner@3bb9a3ff]" started-at="2022-04-04T19:28:09 IST" name="tearDownClass" finished-at="2022-04-04T19:28:09 IST" duration-ms="6" status="PASS">
          <reporter-output>
          </reporter-output>
        </test-method> <!-- tearDownClass -->
      </class> <!-- com.runners.TestRunner -->
    </test> <!-- Default test -->
  </suite> <!-- Default suite -->
</testng-results>
